[12Jun2025 00:41:58.156] [Server thread/INFO] [net.minecraft.server.players.PlayerList/]: Gorextreme2[/172.25.48.53:50019] logged in with entity id 26670 at (-871.6999999880791, 67.5625, 2005.300000011921)
[12Jun2025 00:41:58.164] [Server thread/INFO] [net.minecraft.server.MinecraftServer/]: Gorextreme2 joined the game
[12Jun2025 00:47:04.624] [Server thread/INFO] [net.minecraft.server.MinecraftServer/]: Gorextreme2 has made the advancement [We Need to Go Deeper]
[12Jun2025 00:48:15.026] [Server thread/INFO] [net.minecraft.server.MinecraftServer/]: Gorextreme2 has made the advancement [A Seedy Place]
[12Jun2025 00:53:58.085] [Server thread/INFO] [net.minecraft.server.MinecraftServer/]: Gorextreme2 has made the advancement [What a Deal!]
[12Jun2025 01:13:19.303] [Server thread/INFO] [net.minecraft.server.players.PlayerList/]: xsep123[/172.25.43.2:50428] logged in with entity id 33667 at (-886.6854183202324, 67.0, 1986.5488327040553)
[12Jun2025 01:13:19.305] [Server thread/INFO] [net.minecraft.server.MinecraftServer/]: xsep123 joined the game
[12Jun2025 01:24:58.775] [Server thread/INFO] [net.minecraft.server.MinecraftServer/]: [Not Secure] <xsep123> zzz
[12Jun2025 01:25:10.737] [Server thread/INFO] [net.minecraft.server.MinecraftServer/]: [Not Secure] <xsep123> UwU
[12Jun2025 01:25:32.801] [Server thread/INFO] [net.minecraft.server.MinecraftServer/]: [Not Secure] <xsep123> 7u7
[12Jun2025 01:35:43.647] [Server thread/INFO] [net.minecraft.server.MinecraftServer/]: Gorextreme2 has made the advancement [Not Today, Thank You]
[12Jun2025 01:42:44.049] [Server thread/INFO] [net.minecraft.server.MinecraftServer/]: xsep123 has made the advancement [Not Today, Thank You]
[12Jun2025 01:44:19.698] [Server thread/INFO] [net.minecraft.server.MinecraftServer/]: Gorextreme2 has made the advancement [Diamonds!]
[12Jun2025 01:46:26.277] [Server thread/INFO] [net.minecraft.server.MinecraftServer/]: Gorextreme2 has made the advancement [Suit Up]
[12Jun2025 01:50:19.349] [Server thread/INFO] [net.minecraft.server.MinecraftServer/]: xsep123 has made the advancement [Take Aim]
[12Jun2025 01:54:58.347] [Server thread/INFO] [net.minecraft.server.MinecraftServer/]: xsep123 was slain by Zombie
[12Jun2025 02:38:30.499] [Server thread/INFO] [net.minecraft.world.entity.npc.Villager/]: Villager Villager['Villager'/52152, l='ServerLevel[world]', x=-109.54, y=49.00, z=244.61] died, message: 'Villager suffocated in a wall'
[12Jun2025 02:39:06.097] [Server thread/INFO] [net.minecraft.server.MinecraftServer/]: [Not Secure] <xsep123> 1
[12Jun2025 02:39:09.373] [Server thread/INFO] [net.minecraft.server.MinecraftServer/]: [Not Secure] <xsep123> 2
[12Jun2025 02:39:10.647] [Server thread/INFO] [net.minecraft.server.MinecraftServer/]: [Not Secure] <xsep123> 3
[12Jun2025 02:39:13.999] [Server thread/INFO] [net.minecraft.server.MinecraftServer/]: [Not Secure] <xsep123> 4
[12Jun2025 02:39:14.847] [Server thread/INFO] [net.minecraft.server.MinecraftServer/]: [Not Secure] <xsep123> 5
[12Jun2025 02:39:15.798] [Server thread/INFO] [net.minecraft.server.MinecraftServer/]: [Not Secure] <xsep123> 6
[12Jun2025 02:39:17.062] [Server thread/INFO] [net.minecraft.server.MinecraftServer/]: [Not Secure] <xsep123> 7
[12Jun2025 02:39:17.899] [Server thread/INFO] [net.minecraft.server.MinecraftServer/]: [Not Secure] <xsep123> 8
[12Jun2025 02:39:18.862] [Server thread/INFO] [net.minecraft.server.MinecraftServer/]: [Not Secure] <xsep123> 9
[12Jun2025 02:39:33.252] [Server thread/INFO] [net.minecraft.server.MinecraftServer/]: [Not Secure] <xsep123> 10
[12Jun2025 02:39:33.954] [Server thread/INFO] [net.minecraft.server.MinecraftServer/]: [Not Secure] <xsep123> 11
[12Jun2025 02:39:34.859] [Server thread/INFO] [net.minecraft.server.MinecraftServer/]: [Not Secure] <xsep123> 12
[12Jun2025 02:39:35.678] [Server thread/INFO] [net.minecraft.server.MinecraftServer/]: [Not Secure] <xsep123> 13
[12Jun2025 02:39:38.579] [Server thread/INFO] [net.minecraft.server.MinecraftServer/]: [Not Secure] <xsep123> 14
[12Jun2025 02:39:39.379] [Server thread/INFO] [net.minecraft.server.MinecraftServer/]: [Not Secure] <xsep123> 15
[12Jun2025 02:39:40.168] [Server thread/INFO] [net.minecraft.server.MinecraftServer/]: [Not Secure] <xsep123> 16
[12Jun2025 02:39:41.029] [Server thread/INFO] [net.minecraft.server.MinecraftServer/]: [Not Secure] <xsep123> 17
[12Jun2025 02:39:41.963] [Server thread/INFO] [net.minecraft.server.MinecraftServer/]: [Not Secure] <xsep123> 18
[12Jun2025 02:39:42.746] [Server thread/INFO] [net.minecraft.server.MinecraftServer/]: [Not Secure] <xsep123> 19
[12Jun2025 02:39:44.001] [Server thread/INFO] [net.minecraft.server.MinecraftServer/]: [Not Secure] <xsep123> 20
[12Jun2025 02:39:44.912] [Server thread/INFO] [net.minecraft.server.MinecraftServer/]: [Not Secure] <xsep123> 21
[12Jun2025 02:39:46.152] [Server thread/INFO] [net.minecraft.server.MinecraftServer/]: [Not Secure] <xsep123> 22
[12Jun2025 02:39:47.099] [Server thread/INFO] [net.minecraft.server.MinecraftServer/]: [Not Secure] <xsep123> 23
[12Jun2025 02:39:48.480] [Server thread/INFO] [net.minecraft.server.MinecraftServer/]: [Not Secure] <xsep123> 24
[12Jun2025 02:39:49.424] [Server thread/INFO] [net.minecraft.server.MinecraftServer/]: [Not Secure] <xsep123> 25
[12Jun2025 02:39:50.332] [Server thread/INFO] [net.minecraft.server.MinecraftServer/]: [Not Secure] <xsep123> 26
[12Jun2025 02:39:53.031] [Server thread/INFO] [net.minecraft.server.MinecraftServer/]: [Not Secure] <xsep123> 27
[12Jun2025 02:39:54.435] [Server thread/INFO] [net.minecraft.server.MinecraftServer/]: [Not Secure] <xsep123> 28
[12Jun2025 02:39:56.429] [Server thread/INFO] [net.minecraft.server.MinecraftServer/]: [Not Secure] <xsep123> 29
[12Jun2025 02:39:57.963] [Server thread/INFO] [net.minecraft.server.MinecraftServer/]: [Not Secure] <xsep123> 30
[12Jun2025 02:39:59.051] [Server thread/INFO] [net.minecraft.server.MinecraftServer/]: [Not Secure] <xsep123> 31
[12Jun2025 02:40:00.432] [Server thread/INFO] [net.minecraft.server.MinecraftServer/]: [Not Secure] <xsep123> 32
[12Jun2025 02:40:01.462] [Server thread/INFO] [net.minecraft.server.MinecraftServer/]: [Not Secure] <xsep123> 33
[12Jun2025 02:40:01.909] [Server thread/INFO] [net.minecraft.server.MinecraftServer/]: [Not Secure] <xsep123> 3
[12Jun2025 02:40:05.399] [Server thread/INFO] [net.minecraft.server.MinecraftServer/]: [Not Secure] <xsep123> 34
[12Jun2025 02:40:06.262] [Server thread/INFO] [net.minecraft.server.MinecraftServer/]: [Not Secure] <xsep123> 35
[12Jun2025 02:40:07.276] [Server thread/INFO] [net.minecraft.server.MinecraftServer/]: [Not Secure] <xsep123> 36
[12Jun2025 02:40:09.462] [Server thread/INFO] [net.minecraft.server.MinecraftServer/]: [Not Secure] <xsep123> 37
[12Jun2025 02:40:11.313] [Server thread/INFO] [net.minecraft.server.MinecraftServer/]: [Not Secure] <xsep123> 38
[12Jun2025 02:40:12.600] [Server thread/INFO] [net.minecraft.server.MinecraftServer/]: [Not Secure] <xsep123> 39
[12Jun2025 02:40:14.341] [Server thread/INFO] [net.minecraft.server.MinecraftServer/]: [Not Secure] <xsep123> 40
